mode: set
github.com/flaviusp23/bookings/internal/handlers/handlers.go:29.62,34.2 1 1
github.com/flaviusp23/bookings/internal/handlers/handlers.go:37.51,42.2 1 1
github.com/flaviusp23/bookings/internal/handlers/handlers.go:45.33,47.2 1 1
github.com/flaviusp23/bookings/internal/handlers/handlers.go:50.67,52.2 1 1
github.com/flaviusp23/bookings/internal/handlers/handlers.go:55.68,57.2 1 1
github.com/flaviusp23/bookings/internal/handlers/handlers.go:60.74,62.9 2 1
github.com/flaviusp23/bookings/internal/handlers/handlers.go:62.9,65.3 2 1
github.com/flaviusp23/bookings/internal/handlers/handlers.go:66.2,67.16 2 1
github.com/flaviusp23/bookings/internal/handlers/handlers.go:67.16,70.3 2 1
github.com/flaviusp23/bookings/internal/handlers/handlers.go:71.2,86.4 10 1
github.com/flaviusp23/bookings/internal/handlers/handlers.go:89.78,91.9 2 1
github.com/flaviusp23/bookings/internal/handlers/handlers.go:91.9,94.3 2 1
github.com/flaviusp23/bookings/internal/handlers/handlers.go:95.2,96.16 2 1
github.com/flaviusp23/bookings/internal/handlers/handlers.go:96.16,99.3 2 1
github.com/flaviusp23/bookings/internal/handlers/handlers.go:100.2,101.16 2 1
github.com/flaviusp23/bookings/internal/handlers/handlers.go:101.16,105.3 3 1
github.com/flaviusp23/bookings/internal/handlers/handlers.go:106.2,119.19 11 1
github.com/flaviusp23/bookings/internal/handlers/handlers.go:119.19,127.3 4 1
github.com/flaviusp23/bookings/internal/handlers/handlers.go:128.2,130.16 3 1
github.com/flaviusp23/bookings/internal/handlers/handlers.go:130.16,133.3 2 1
github.com/flaviusp23/bookings/internal/handlers/handlers.go:134.2,142.16 3 1
github.com/flaviusp23/bookings/internal/handlers/handlers.go:142.16,145.3 2 1
github.com/flaviusp23/bookings/internal/handlers/handlers.go:146.2,147.66 2 1
github.com/flaviusp23/bookings/internal/handlers/handlers.go:151.71,153.2 1 1
github.com/flaviusp23/bookings/internal/handlers/handlers.go:156.69,158.2 1 1
github.com/flaviusp23/bookings/internal/handlers/handlers.go:161.75,163.2 1 1
github.com/flaviusp23/bookings/internal/handlers/handlers.go:165.79,171.16 6 1
github.com/flaviusp23/bookings/internal/handlers/handlers.go:171.16,175.3 3 1
github.com/flaviusp23/bookings/internal/handlers/handlers.go:176.2,177.16 2 1
github.com/flaviusp23/bookings/internal/handlers/handlers.go:177.16,181.3 3 1
github.com/flaviusp23/bookings/internal/handlers/handlers.go:182.2,183.16 2 1
github.com/flaviusp23/bookings/internal/handlers/handlers.go:183.16,187.3 3 1
github.com/flaviusp23/bookings/internal/handlers/handlers.go:189.2,189.21 1 1
github.com/flaviusp23/bookings/internal/handlers/handlers.go:189.21,194.3 3 1
github.com/flaviusp23/bookings/internal/handlers/handlers.go:195.2,206.4 5 1
github.com/flaviusp23/bookings/internal/handlers/handlers.go:218.79,220.16 2 1
github.com/flaviusp23/bookings/internal/handlers/handlers.go:220.16,231.3 5 1
github.com/flaviusp23/bookings/internal/handlers/handlers.go:232.2,237.16 4 1
github.com/flaviusp23/bookings/internal/handlers/handlers.go:237.16,246.3 5 1
github.com/flaviusp23/bookings/internal/handlers/handlers.go:249.2,250.16 2 1
github.com/flaviusp23/bookings/internal/handlers/handlers.go:250.16,259.3 5 1
github.com/flaviusp23/bookings/internal/handlers/handlers.go:260.2,263.16 3 1
github.com/flaviusp23/bookings/internal/handlers/handlers.go:263.16,274.3 5 1
github.com/flaviusp23/bookings/internal/handlers/handlers.go:275.2,284.14 4 1
github.com/flaviusp23/bookings/internal/handlers/handlers.go:288.70,290.2 1 1
github.com/flaviusp23/bookings/internal/handlers/handlers.go:292.81,294.9 2 1
github.com/flaviusp23/bookings/internal/handlers/handlers.go:294.9,298.3 3 1
github.com/flaviusp23/bookings/internal/handlers/handlers.go:299.2,312.4 9 1
github.com/flaviusp23/bookings/internal/handlers/handlers.go:315.73,318.16 3 1
github.com/flaviusp23/bookings/internal/handlers/handlers.go:318.16,322.3 3 1
github.com/flaviusp23/bookings/internal/handlers/handlers.go:323.2,324.9 2 1
github.com/flaviusp23/bookings/internal/handlers/handlers.go:324.9,328.3 3 1
github.com/flaviusp23/bookings/internal/handlers/handlers.go:329.2,332.63 3 1
github.com/flaviusp23/bookings/internal/handlers/handlers.go:336.71,342.16 6 1
github.com/flaviusp23/bookings/internal/handlers/handlers.go:342.16,346.3 3 1
github.com/flaviusp23/bookings/internal/handlers/handlers.go:347.2,348.16 2 1
github.com/flaviusp23/bookings/internal/handlers/handlers.go:348.16,352.3 3 1
github.com/flaviusp23/bookings/internal/handlers/handlers.go:353.2,354.16 2 1
github.com/flaviusp23/bookings/internal/handlers/handlers.go:354.16,358.3 3 1
github.com/flaviusp23/bookings/internal/handlers/handlers.go:359.2,364.16 6 1
github.com/flaviusp23/bookings/internal/handlers/handlers.go:364.16,368.3 3 1
github.com/flaviusp23/bookings/internal/handlers/handlers.go:369.2,371.63 3 1
